<?xml version="1.0" encoding="UTF-8"?>
<testng-results ignored="0" total="3" passed="3" failed="0" skipped="0">
  <reporter-output>
  </reporter-output>
  <suite started-at="2024-06-13T21:36:02 IST" name="Suite" finished-at="2024-06-13T21:36:25 IST" duration-ms="22728">
    <groups>
    </groups>
    <test started-at="2024-06-13T21:36:02 IST" name="Test" finished-at="2024-06-13T21:36:25 IST" duration-ms="22728">
      <class name="Srcipts.FirstTaskScript">
        <test-method is-config="true" signature="baseTest()[pri:0, instance:Srcipts.FirstTaskScript@21e360a]" started-at="2024-06-13T21:36:06 IST" name="baseTest" finished-at="2024-06-13T21:36:09 IST" duration-ms="3258" status="PASS">
          <reporter-output>
          </reporter-output>
        </test-method> <!-- baseTest -->
        <test-method signature="testScript()[pri:0, instance:Srcipts.FirstTaskScript@21e360a]" started-at="2024-06-13T21:36:09 IST" name="testScript" finished-at="2024-06-13T21:36:10 IST" duration-ms="912" status="PASS">
          <reporter-output>
          </reporter-output>
        </test-method> <!-- testScript -->
        <test-method is-config="true" signature="close()[pri:0, instance:Srcipts.FirstTaskScript@21e360a]" started-at="2024-06-13T21:36:10 IST" name="close" finished-at="2024-06-13T21:36:21 IST" duration-ms="10792" status="PASS">
          <reporter-output>
          </reporter-output>
        </test-method> <!-- close -->
      </class> <!-- Srcipts.FirstTaskScript -->
      <class name="Srcipts.SecondScript">
        <test-method is-config="true" signature="baseTest()[pri:0, instance:Srcipts.SecondScript@5403f35f]" started-at="2024-06-13T21:36:02 IST" name="baseTest" finished-at="2024-06-13T21:36:05 IST" duration-ms="3221" status="PASS">
          <reporter-output>
          </reporter-output>
        </test-method> <!-- baseTest -->
        <test-method signature="secondTest()[pri:0, instance:Srcipts.SecondScript@5403f35f]" started-at="2024-06-13T21:36:05 IST" name="secondTest" finished-at="2024-06-13T21:36:06 IST" duration-ms="468" status="PASS">
          <reporter-output>
          </reporter-output>
        </test-method> <!-- secondTest -->
        <test-method is-config="true" signature="close()[pri:0, instance:Srcipts.SecondScript@5403f35f]" started-at="2024-06-13T21:36:06 IST" name="close" finished-at="2024-06-13T21:36:06 IST" duration-ms="282" status="PASS">
          <reporter-output>
          </reporter-output>
        </test-method> <!-- close -->
      </class> <!-- Srcipts.SecondScript -->
      <class name="Srcipts.ThirdScript">
        <test-method is-config="true" signature="baseTest()[pri:0, instance:Srcipts.ThirdScript@5ba3f27a]" started-at="2024-06-13T21:36:21 IST" name="baseTest" finished-at="2024-06-13T21:36:24 IST" duration-ms="3369" status="PASS">
          <reporter-output>
          </reporter-output>
        </test-method> <!-- baseTest -->
        <test-method signature="test()[pri:0, instance:Srcipts.ThirdScript@5ba3f27a]" started-at="2024-06-13T21:36:24 IST" name="test" finished-at="2024-06-13T21:36:25 IST" duration-ms="189" status="PASS">
          <reporter-output>
          </reporter-output>
        </test-method> <!-- test -->
        <test-method is-config="true" signature="close()[pri:0, instance:Srcipts.ThirdScript@5ba3f27a]" started-at="2024-06-13T21:36:25 IST" name="close" finished-at="2024-06-13T21:36:25 IST" duration-ms="220" status="PASS">
          <reporter-output>
          </reporter-output>
        </test-method> <!-- close -->
      </class> <!-- Srcipts.ThirdScript -->
    </test> <!-- Test -->
  </suite> <!-- Suite -->
</testng-results>
