<?xml version="1.0" encoding="UTF-8"?>
<!-- Generated by org.testng.reporters.JUnitXMLReporter -->
<testsuite ignored="0" hostname="LTIN-APLLXFC7QJKQW" failures="0" tests="3" name="Test" time="22.728" errors="0" timestamp="2024-06-13T21:36:25 IST">
  <testcase classname="Srcipts.SecondScript" name="secondTest" time="0.468"/>
  <testcase classname="Srcipts.FirstTaskScript" name="testScript" time="0.912"/>
  <testcase classname="Srcipts.ThirdScript" name="test" time="0.189"/>
</testsuite> <!-- Test -->
